# JRE version: Java(TM) SE Runtime Environment (8.0_91-b14) (build 1.8.0_91-b14)
# Java VM: Java HotSpot(TM) 64-Bit Server VM (25.91-b14 mixed mode linux-amd64 compressed oops)
Heap:
 def new generation   total 19136K, used 688K [0x00000000d0c00000, 0x00000000d20c0000, 0x00000000e0800000)
  eden space 17024K,   4% used [0x00000000d0c00000, 0x00000000d0cac028, 0x00000000d1ca0000)
  from space 2112K,   0% used [0x00000000d1ca0000, 0x00000000d1ca0000, 0x00000000d1eb0000)
  to   space 2112K,   0% used [0x00000000d1eb0000, 0x00000000d1eb0000, 0x00000000d20c0000)
 tenured generation   total 42404K, used 25441K [0x00000000e0800000, 0x00000000e3169000, 0x0000000100000000)
   the space 42404K,  59% used [0x00000000e0800000, 0x00000000e20d87f8, 0x00000000e20d8800, 0x00000000e3169000)
 Metaspace       used 25183K, capacity 25560K, committed 26112K, reserved 1073152K
  class space    used 3032K, capacity 3191K, committed 3328K, reserved 1048576K
GC Heap History (10 events):
Event: 2207.701 GC heap before
{Heap before GC invocations=1140 (full 1):
 def new generation   total 17024K, used 17023K [0x00000000d0c00000, 0x00000000d1e70000, 0x00000000e0800000)
  eden space 15168K, 100% used [0x00000000d0c00000, 0x00000000d1ad0000, 0x00000000d1ad0000)
  from space 1856K,  99% used [0x00000000d1ca0000, 0x00000000d1e6fff8, 0x00000000d1e70000)
  to   space 1856K,   0% used [0x00000000d1ad0000, 0x00000000d1ad0000, 0x00000000d1ca0000)
 tenured generation   total 37680K, used 34404K [0x00000000e0800000, 0x00000000e2ccc000, 0x0000000100000000)
   the space 37680K,  91% used [0x00000000e0800000, 0x00000000e2999148, 0x00000000e2999200, 0x00000000e2ccc000)
 Metaspace       used 25319K, capacity 25766K, committed 26112K, reserved 1073152K
  class space    used 3053K, capacity 3229K, committed 3328K, reserved 1048576K
Event: 2207.705 GC heap after
Heap after GC invocations=1141 (full 1):
 def new generation   total 17024K, used 1658K [0x00000000d0c00000, 0x00000000d1e70000, 0x00000000e0800000)
  eden space 15168K,   0% used [0x00000000d0c00000, 0x00000000d0c00000, 0x00000000d1ad0000)
  from space 1856K,  89% used [0x00000000d1ad0000, 0x00000000d1c6eb98, 0x00000000d1ca0000)
  to   space 1856K,   0% used [0x00000000d1ca0000, 0x00000000d1ca0000, 0x00000000d1e70000)
 tenured generation   total 37680K, used 34648K [0x00000000e0800000, 0x00000000e2ccc000, 0x0000000100000000)
   the space 37680K,  91% used [0x00000000e0800000, 0x00000000e29d61a8, 0x00000000e29d6200, 0x00000000e2ccc000)
 Metaspace       used 25319K, capacity 25766K, committed 26112K, reserved 1073152K
  class space    used 3053K, capacity 3229K, committed 3328K, reserved 1048576K
}
Event: 2207.839 GC heap before
{Heap before GC invocations=1141 (full 1):
 def new generation   total 17024K, used 16826K [0x00000000d0c00000, 0x00000000d1e70000, 0x00000000e0800000)
  eden space 15168K, 100% used [0x00000000d0c00000, 0x00000000d1ad0000, 0x00000000d1ad0000)
  from space 1856K,  89% used [0x00000000d1ad0000, 0x00000000d1c6eb98, 0x00000000d1ca0000)
  to   space 1856K,   0% used [0x00000000d1ca0000, 0x00000000d1ca0000, 0x00000000d1e70000)
 tenured generation   total 37680K, used 34648K [0x00000000e0800000, 0x00000000e2ccc000, 0x0000000100000000)
   the space 37680K,  91% used [0x00000000e0800000, 0x00000000e29d61a8, 0x00000000e29d6200, 0x00000000e2ccc000)
 Metaspace       used 25319K, capacity 25766K, committed 26112K, reserved 1073152K
  class space    used 3053K, capacity 3229K, committed 3328K, reserved 1048576K
Event: 2207.852 GC heap after
Heap after GC invocations=1142 (full 1):
 def new generation   total 17024K, used 1856K [0x00000000d0c00000, 0x00000000d1e70000, 0x00000000e0800000)
  eden space 15168K,   0% used [0x00000000d0c00000, 0x00000000d0c00000, 0x00000000d1ad0000)
  from space 1856K, 100% used [0x00000000d1ca0000, 0x00000000d1e70000, 0x00000000d1e70000)
  to   space 1856K,   0% used [0x00000000d1ad0000, 0x00000000d1ad0000, 0x00000000d1ca0000)
 tenured generation   total 37680K, used 35124K [0x00000000e0800000, 0x00000000e2ccc000, 0x0000000100000000)
   the space 37680K,  93% used [0x00000000e0800000, 0x00000000e2a4d170, 0x00000000e2a4d200, 0x00000000e2ccc000)
 Metaspace       used 25319K, capacity 25766K, committed 26112K, reserved 1073152K
  class space    used 3053K, capacity 3229K, committed 3328K, reserved 1048576K
}
Event: 2208.041 GC heap before
{Heap before GC invocations=1142 (full 1):
 def new generation   total 17024K, used 17024K [0x00000000d0c00000, 0x00000000d1e70000, 0x00000000e0800000)
  eden space 15168K, 100% used [0x00000000d0c00000, 0x00000000d1ad0000, 0x00000000d1ad0000)
  from space 1856K, 100% used [0x00000000d1ca0000, 0x00000000d1e70000, 0x00000000d1e70000)
  to   space 1856K,   0% used [0x00000000d1ad0000, 0x00000000d1ad0000, 0x00000000d1ca0000)
 tenured generation   total 37680K, used 35124K [0x00000000e0800000, 0x00000000e2ccc000, 0x0000000100000000)
   the space 37680K,  93% used [0x00000000e0800000, 0x00000000e2a4d170, 0x00000000e2a4d200, 0x00000000e2ccc000)
 Metaspace       used 25319K, capacity 25766K, committed 26112K, reserved 1073152K
  class space    used 3053K, capacity 3229K, committed 3328K, reserved 1048576K
Event: 2208.044 GC heap after
Heap after GC invocations=1143 (full 1):
 def new generation   total 17024K, used 1856K [0x00000000d0c00000, 0x00000000d1e70000, 0x00000000e0800000)
  eden space 15168K,   0% used [0x00000000d0c00000, 0x00000000d0c00000, 0x00000000d1ad0000)
  from space 1856K, 100% used [0x00000000d1ad0000, 0x00000000d1ca0000, 0x00000000d1ca0000)
  to   space 1856K,   0% used [0x00000000d1ca0000, 0x00000000d1ca0000, 0x00000000d1e70000)
 tenured generation   total 37680K, used 36235K [0x00000000e0800000, 0x00000000e2ccc000, 0x0000000100000000)
   the space 37680K,  96% used [0x00000000e0800000, 0x00000000e2b62e88, 0x00000000e2b63000, 0x00000000e2ccc000)
 Metaspace       used 25319K, capacity 25766K, committed 26112K, reserved 1073152K
  class space    used 3053K, capacity 3229K, committed 3328K, reserved 1048576K
}
Event: 2208.271 GC heap before
{Heap before GC invocations=1143 (full 1):
 def new generation   total 17024K, used 17024K [0x00000000d0c00000, 0x00000000d1e70000, 0x00000000e0800000)
  eden space 15168K, 100% used [0x00000000d0c00000, 0x00000000d1ad0000, 0x00000000d1ad0000)
  from space 1856K, 100% used [0x00000000d1ad0000, 0x00000000d1ca0000, 0x00000000d1ca0000)
  to   space 1856K,   0% used [0x00000000d1ca0000, 0x00000000d1ca0000, 0x00000000d1e70000)
 tenured generation   total 37680K, used 36235K [0x00000000e0800000, 0x00000000e2ccc000, 0x0000000100000000)
   the space 37680K,  96% used [0x00000000e0800000, 0x00000000e2b62e88, 0x00000000e2b63000, 0x00000000e2ccc000)
 Metaspace       used 25319K, capacity 25766K, committed 26112K, reserved 1073152K
  class space    used 3053K, capacity 3229K, committed 3328K, reserved 1048576K
Event: 2208.274 GC heap after
Heap after GC invocations=1144 (full 1):
 def new generation   total 17024K, used 1856K [0x00000000d0c00000, 0x00000000d1e70000, 0x00000000e0800000)
  eden space 15168K,   0% used [0x00000000d0c00000, 0x00000000d0c00000, 0x00000000d1ad0000)
  from space 1856K, 100% used [0x00000000d1ca0000, 0x00000000d1e70000, 0x00000000d1e70000)
  to   space 1856K,   0% used [0x00000000d1ad0000, 0x00000000d1ad0000, 0x00000000d1ca0000)
 tenured generation   total 37680K, used 37096K [0x00000000e0800000, 0x00000000e2ccc000, 0x0000000100000000)
   the space 37680K,  98% used [0x00000000e0800000, 0x00000000e2c3a3a0, 0x00000000e2c3a400, 0x00000000e2ccc000)
 Metaspace       used 25319K, capacity 25766K, committed 26112K, reserved 1073152K
  class space    used 3053K, capacity 3229K, committed 3328K, reserved 1048576K
}
Event: 2208.536 GC heap before
{Heap before GC invocations=1144 (full 1):
 def new generation   total 17024K, used 17024K [0x00000000d0c00000, 0x00000000d1e70000, 0x00000000e0800000)
  eden space 15168K, 100% used [0x00000000d0c00000, 0x00000000d1ad0000, 0x00000000d1ad0000)
  from space 1856K, 100% used [0x00000000d1ca0000, 0x00000000d1e70000, 0x00000000d1e70000)
  to   space 1856K,   0% used [0x00000000d1ad0000, 0x00000000d1ad0000, 0x00000000d1ca0000)
 tenured generation   total 37680K, used 37096K [0x00000000e0800000, 0x00000000e2ccc000, 0x0000000100000000)
   the space 37680K,  98% used [0x00000000e0800000, 0x00000000e2c3a3a0, 0x00000000e2c3a400, 0x00000000e2ccc000)
 Metaspace       used 25319K, capacity 25766K, committed 26112K, reserved 1073152K
  class space    used 3053K, capacity 3229K, committed 3328K, reserved 1048576K
Event: 2208.625 GC heap after
Heap after GC invocations=1145 (full 2):
 def new generation   total 19136K, used 0K [0x00000000d0c00000, 0x00000000d20c0000, 0x00000000e0800000)
  eden space 17024K,   0% used [0x00000000d0c00000, 0x00000000d0c00000, 0x00000000d1ca0000)
  from space 2112K,   0% used [0x00000000d1ca0000, 0x00000000d1ca0000, 0x00000000d1eb0000)
  to   space 2112K,   0% used [0x00000000d1eb0000, 0x00000000d1eb0000, 0x00000000d20c0000)
 tenured generation   total 42404K, used 25441K [0x00000000e0800000, 0x00000000e3169000, 0x0000000100000000)
   the space 42404K,  59% used [0x00000000e0800000, 0x00000000e20d87f8, 0x00000000e20d8800, 0x00000000e3169000)
 Metaspace       used 25183K, capacity 25560K, committed 26112K, reserved 1073152K
  class space    used 3032K, capacity 3191K, committed 3328K, reserved 1048576K
}

