# JRE version: Java(TM) SE Runtime Environment (8.0_91-b14) (build 1.8.0_91-b14)
# Java VM: Java HotSpot(TM) 64-Bit Server VM (25.91-b14 mixed mode linux-amd64 compressed oops)
Heap:
 def new generation   total 92032K, used 67884K [0x00000000b5000000, 0x00000000bb3d0000, 0x00000000ce000000)
  eden space 81856K,  76% used [0x00000000b5000000, 0x00000000b8cee200, 0x00000000b9ff0000)
  from space 10176K,  53% used [0x00000000b9ff0000, 0x00000000ba54ce40, 0x00000000ba9e0000)
  to   space 10176K,   0% used [0x00000000ba9e0000, 0x00000000ba9e0000, 0x00000000bb3d0000)
 tenured generation   total 204216K, used 184764K [0x00000000ce000000, 0x00000000da76e000, 0x0000000100000000)
   the space 204216K,  90% used [0x00000000ce000000, 0x00000000d946f3b0, 0x00000000d946f400, 0x00000000da76e000)
 Metaspace       used 107253K, capacity 118520K, committed 118696K, reserved 1153024K
  class space    used 12784K, capacity 15916K, committed 16040K, reserved 1048576K
GC Heap History (10 events):
Event: 53.564 GC heap before
{Heap before GC invocations=40 (full 6):
 def new generation   total 92032K, used 85904K [0x00000000b5000000, 0x00000000bb3d0000, 0x00000000ce000000)
  eden space 81856K, 100% used [0x00000000b5000000, 0x00000000b9ff0000, 0x00000000b9ff0000)
  from space 10176K,  39% used [0x00000000ba9e0000, 0x00000000badd41f8, 0x00000000bb3d0000)
  to   space 10176K,   0% used [0x00000000b9ff0000, 0x00000000b9ff0000, 0x00000000ba9e0000)
 tenured generation   total 204216K, used 146970K [0x00000000ce000000, 0x00000000da76e000, 0x0000000100000000)
   the space 204216K,  71% used [0x00000000ce000000, 0x00000000d6f86a08, 0x00000000d6f86c00, 0x00000000da76e000)
 Metaspace       used 85723K, capacity 96046K, committed 96168K, reserved 1132544K
  class space    used 10508K, capacity 13455K, committed 13480K, reserved 1048576K
Event: 53.585 GC heap after
Heap after GC invocations=41 (full 6):
 def new generation   total 92032K, used 3070K [0x00000000b5000000, 0x00000000bb3d0000, 0x00000000ce000000)
  eden space 81856K,   0% used [0x00000000b5000000, 0x00000000b5000000, 0x00000000b9ff0000)
  from space 10176K,  30% used [0x00000000b9ff0000, 0x00000000ba2efb10, 0x00000000ba9e0000)
  to   space 10176K,   0% used [0x00000000ba9e0000, 0x00000000ba9e0000, 0x00000000bb3d0000)
 tenured generation   total 204216K, used 146970K [0x00000000ce000000, 0x00000000da76e000, 0x0000000100000000)
   the space 204216K,  71% used [0x00000000ce000000, 0x00000000d6f86a08, 0x00000000d6f86c00, 0x00000000da76e000)
 Metaspace       used 85723K, capacity 96046K, committed 96168K, reserved 1132544K
  class space    used 10508K, capacity 13455K, committed 13480K, reserved 1048576K
}
Event: 55.971 GC heap before
{Heap before GC invocations=41 (full 6):
 def new generation   total 92032K, used 84835K [0x00000000b5000000, 0x00000000bb3d0000, 0x00000000ce000000)
  eden space 81856K,  99% used [0x00000000b5000000, 0x00000000b9fd9198, 0x00000000b9ff0000)
  from space 10176K,  30% used [0x00000000b9ff0000, 0x00000000ba2efb10, 0x00000000ba9e0000)
  to   space 10176K,   0% used [0x00000000ba9e0000, 0x00000000ba9e0000, 0x00000000bb3d0000)
 tenured generation   total 204216K, used 146970K [0x00000000ce000000, 0x00000000da76e000, 0x0000000100000000)
   the space 204216K,  71% used [0x00000000ce000000, 0x00000000d6f86a08, 0x00000000d6f86c00, 0x00000000da76e000)
 Metaspace       used 87624K, capacity 98106K, committed 98216K, reserved 1134592K
  class space    used 10739K, capacity 13718K, committed 13736K, reserved 1048576K
Event: 55.985 GC heap after
Heap after GC invocations=42 (full 6):
 def new generation   total 92032K, used 6027K [0x00000000b5000000, 0x00000000bb3d0000, 0x00000000ce000000)
  eden space 81856K,   0% used [0x00000000b5000000, 0x00000000b5000000, 0x00000000b9ff0000)
  from space 10176K,  59% used [0x00000000ba9e0000, 0x00000000bafc2d70, 0x00000000bb3d0000)
  to   space 10176K,   0% used [0x00000000b9ff0000, 0x00000000b9ff0000, 0x00000000ba9e0000)
 tenured generation   total 204216K, used 146970K [0x00000000ce000000, 0x00000000da76e000, 0x0000000100000000)
   the space 204216K,  71% used [0x00000000ce000000, 0x00000000d6f86a08, 0x00000000d6f86c00, 0x00000000da76e000)
 Metaspace       used 87624K, capacity 98106K, committed 98216K, reserved 1134592K
  class space    used 10739K, capacity 13718K, committed 13736K, reserved 1048576K
}
Event: 89.928 GC heap before
{Heap before GC invocations=42 (full 6):
 def new generation   total 92032K, used 87883K [0x00000000b5000000, 0x00000000bb3d0000, 0x00000000ce000000)
  eden space 81856K, 100% used [0x00000000b5000000, 0x00000000b9ff0000, 0x00000000b9ff0000)
  from space 10176K,  59% used [0x00000000ba9e0000, 0x00000000bafc2d70, 0x00000000bb3d0000)
  to   space 10176K,   0% used [0x00000000b9ff0000, 0x00000000b9ff0000, 0x00000000ba9e0000)
 tenured generation   total 204216K, used 146970K [0x00000000ce000000, 0x00000000da76e000, 0x0000000100000000)
   the space 204216K,  71% used [0x00000000ce000000, 0x00000000d6f86a08, 0x00000000d6f86c00, 0x00000000da76e000)
 Metaspace       used 92438K, capacity 103282K, committed 103464K, reserved 1138688K
  class space    used 11234K, capacity 14361K, committed 14376K, reserved 1048576K
Event: 89.983 GC heap after
Heap after GC invocations=43 (full 6):
 def new generation   total 92032K, used 10176K [0x00000000b5000000, 0x00000000bb3d0000, 0x00000000ce000000)
  eden space 81856K,   0% used [0x00000000b5000000, 0x00000000b5000000, 0x00000000b9ff0000)
  from space 10176K, 100% used [0x00000000b9ff0000, 0x00000000ba9e0000, 0x00000000ba9e0000)
  to   space 10176K,   0% used [0x00000000ba9e0000, 0x00000000ba9e0000, 0x00000000bb3d0000)
 tenured generation   total 204216K, used 164601K [0x00000000ce000000, 0x00000000da76e000, 0x0000000100000000)
   the space 204216K,  80% used [0x00000000ce000000, 0x00000000d80be7f0, 0x00000000d80be800, 0x00000000da76e000)
 Metaspace       used 92438K, capacity 103282K, committed 103464K, reserved 1138688K
  class space    used 11234K, capacity 14361K, committed 14376K, reserved 1048576K
}
Event: 95.271 GC heap before
{Heap before GC invocations=43 (full 6):
 def new generation   total 92032K, used 92032K [0x00000000b5000000, 0x00000000bb3d0000, 0x00000000ce000000)
  eden space 81856K, 100% used [0x00000000b5000000, 0x00000000b9ff0000, 0x00000000b9ff0000)
  from space 10176K, 100% used [0x00000000b9ff0000, 0x00000000ba9e0000, 0x00000000ba9e0000)
  to   space 10176K,   0% used [0x00000000ba9e0000, 0x00000000ba9e0000, 0x00000000bb3d0000)
 tenured generation   total 204216K, used 164601K [0x00000000ce000000, 0x00000000da76e000, 0x0000000100000000)
   the space 204216K,  80% used [0x00000000ce000000, 0x00000000d80be7f0, 0x00000000d80be800, 0x00000000da76e000)
 Metaspace       used 101800K, capacity 113056K, committed 113320K, reserved 1146880K
  class space    used 12317K, capacity 15486K, committed 15528K, reserved 1048576K
Event: 95.326 GC heap after
Heap after GC invocations=44 (full 6):
 def new generation   total 92032K, used 10176K [0x00000000b5000000, 0x00000000bb3d0000, 0x00000000ce000000)
  eden space 81856K,   0% used [0x00000000b5000000, 0x00000000b5000000, 0x00000000b9ff0000)
  from space 10176K, 100% used [0x00000000ba9e0000, 0x00000000bb3d0000, 0x00000000bb3d0000)
  to   space 10176K,   0% used [0x00000000b9ff0000, 0x00000000b9ff0000, 0x00000000ba9e0000)
 tenured generation   total 204216K, used 177318K [0x00000000ce000000, 0x00000000da76e000, 0x0000000100000000)
   the space 204216K,  86% used [0x00000000ce000000, 0x00000000d8d29998, 0x00000000d8d29a00, 0x00000000da76e000)
 Metaspace       used 101800K, capacity 113056K, committed 113320K, reserved 1146880K
  class space    used 12317K, capacity 15486K, committed 15528K, reserved 1048576K
}
Event: 96.617 GC heap before
{Heap before GC invocations=44 (full 6):
 def new generation   total 92032K, used 92032K [0x00000000b5000000, 0x00000000bb3d0000, 0x00000000ce000000)
  eden space 81856K, 100% used [0x00000000b5000000, 0x00000000b9ff0000, 0x00000000b9ff0000)
  from space 10176K, 100% used [0x00000000ba9e0000, 0x00000000bb3d0000, 0x00000000bb3d0000)
  to   space 10176K,   0% used [0x00000000b9ff0000, 0x00000000b9ff0000, 0x00000000ba9e0000)
 tenured generation   total 204216K, used 177318K [0x00000000ce000000, 0x00000000da76e000, 0x0000000100000000)
   the space 204216K,  86% used [0x00000000ce000000, 0x00000000d8d29998, 0x00000000d8d29a00, 0x00000000da76e000)
 Metaspace       used 105142K, capacity 116452K, committed 116776K, reserved 1150976K
  class space    used 12602K, capacity 15786K, committed 15912K, reserved 1048576K
Event: 96.711 GC heap after
Heap after GC invocations=45 (full 6):
 def new generation   total 92032K, used 5491K [0x00000000b5000000, 0x00000000bb3d0000, 0x00000000ce000000)
  eden space 81856K,   0% used [0x00000000b5000000, 0x00000000b5000000, 0x00000000b9ff0000)
  from space 10176K,  53% used [0x00000000b9ff0000, 0x00000000ba54ce40, 0x00000000ba9e0000)
  to   space 10176K,   0% used [0x00000000ba9e0000, 0x00000000ba9e0000, 0x00000000bb3d0000)
 tenured generation   total 204216K, used 184764K [0x00000000ce000000, 0x00000000da76e000, 0x0000000100000000)
   the space 204216K,  90% used [0x00000000ce000000, 0x00000000d946f3b0, 0x00000000d946f400, 0x00000000da76e000)
 Metaspace       used 105142K, capacity 116452K, committed 116776K, reserved 1150976K
  class space    used 12602K, capacity 15786K, committed 15912K, reserved 1048576K
}

